<?xml version="1.0" encoding="UTF-8"?>
<!-- Generated by org.testng.reporters.JUnitReportReporter -->
<testsuite hostname="LAPTOP-98N1A5KP" failures="0" tests="3" name="tests.putPatchDeleteExample" time="1.346" errors="0" timestamp="2024-05-15T23:11:02 IST" skipped="0">
  <testcase classname="tests.putPatchDeleteExample" name="testPatch" time="0.466"/>
  <testcase classname="tests.putPatchDeleteExample" name="testDelete" time="0.441"/>
  <testcase classname="tests.putPatchDeleteExample" name="testPut" time="0.439"/>
</testsuite> <!-- tests.putPatchDeleteExample -->
