<?xml version="1.0" encoding="UTF-8"?>
<!-- Generated by org.testng.reporters.JUnitReportReporter -->
<testsuite hostname="LAPTOP-98N1A5KP" failures="0" tests="2" name="tests.TestExample" time="0.397" errors="0" timestamp="2024-05-15T23:11:02 IST" skipped="0">
  <testcase classname="tests.TestExample" name="testTwo" time="0.220"/>
  <testcase classname="tests.TestExample" name="firstMethod" time="0.177"/>
</testsuite> <!-- tests.TestExample -->
