<?xml version="1.0" encoding="UTF-8"?>
<!-- Generated by org.testng.reporters.JUnitReportReporter -->
<testsuite hostname="LAPTOP-98N1A5KP" failures="0" tests="2" name="tests.getAndPostExample" time="2.559" errors="0" timestamp="2024-05-15T23:11:02 IST" skipped="0">
  <testcase classname="tests.getAndPostExample" name="testGet" time="2.060"/>
  <testcase classname="tests.getAndPostExample" name="testPost" time="0.499"/>
</testsuite> <!-- tests.getAndPostExample -->
